!SESSION 2018-11-14 10:44:54.762 -----------------------------------------------
eclipse.buildId=4.9.0.I20180906-0745
java.version=10.0.2
java.vendor=Oracle Corporation
BootLoader constants: OS=linux, ARCH=x86, WS=gtk, NL=fr_FR
Framework arguments:  -product org.eclipse.epp.package.committers.product
Command-line arguments:  -os linux -ws gtk -arch x86 -product org.eclipse.epp.package.committers.product

!ENTRY org.eclipse.osgi 4 0 2018-11-14 10:45:13.871
!MESSAGE Application error
!STACK 1
java.lang.UnsatisfiedLinkError: Cannot load 32-bit SWT libraries on 64-bit JVM
	at org.eclipse.swt.internal.Library.loadLibrary(Library.java:265)
	at org.eclipse.swt.internal.Library.loadLibrary(Library.java:242)
	at org.eclipse.swt.internal.C.<clinit>(C.java:19)
	at org.eclipse.swt.internal.Converter.wcsToMbcs(Converter.java:209)
	at org.eclipse.swt.internal.Converter.wcsToMbcs(Converter.java:155)
	at org.eclipse.swt.widgets.Display.<clinit>(Display.java:151)
	at org.eclipse.ui.internal.Workbench.createDisplay(Workbench.java:733)
	at org.eclipse.ui.PlatformUI.createDisplay(PlatformUI.java:163)
	at org.eclipse.ui.internal.ide.application.IDEApplication.createDisplay(IDEApplication.java:185)
	at org.eclipse.ui.internal.ide.application.IDEApplication.start(IDEApplication.java:128)
	at org.eclipse.equinox.internal.app.EclipseAppHandle.run(EclipseAppHandle.java:199)
	at org.eclipse.core.runtime.internal.adaptor.EclipseAppLauncher.runApplication(EclipseAppLauncher.java:137)
	at org.eclipse.core.runtime.internal.adaptor.EclipseAppLauncher.start(EclipseAppLauncher.java:107)
	at org.eclipse.core.runtime.adaptor.EclipseStarter.run(EclipseStarter.java:391)
	at org.eclipse.core.runtime.adaptor.EclipseStarter.run(EclipseStarter.java:246)
	at java.base/jdk.internal.reflect.NativeMethodAccessorImpl.invoke0(Native Method)
	at java.base/jdk.internal.reflect.NativeMethodAccessorImpl.invoke(NativeMethodAccessorImpl.java:62)
	at java.base/jdk.internal.reflect.DelegatingMethodAccessorImpl.invoke(DelegatingMethodAccessorImpl.java:43)
	at java.base/java.lang.reflect.Method.invoke(Method.java:564)
	at org.eclipse.equinox.launcher.Main.invokeFramework(Main.java:659)
	at org.eclipse.equinox.launcher.Main.basicRun(Main.java:595)
	at org.eclipse.equinox.launcher.Main.run(Main.java:1501)
	at org.eclipse.equinox.launcher.Main.main(Main.java:1474)
